<?xml version="1.0" encoding="UTF-8"?>
<!-- Generated by org.testng.reporters.JUnitReportReporter -->
<testsuite hostname="DESKTOP-G9DV5UU" failures="0" tests="4" name="first_Test" time="18.414" errors="0" timestamp="2022-11-18T21:35:03 EET" skipped="0">
  <testcase classname="first_Test" name="SelectAllItems" time="1.872"/>
  <system-out/>
  <testcase classname="first_Test" name="removeAllFromCart" time="0.826"/>
  <system-out/>
  <testcase classname="first_Test" name="test_All_Items" time="7.775"/>
  <system-out/>
  <testcase classname="first_Test" name="Press" time="7.941"/>
  <system-out/>
</testsuite> <!-- first_Test -->
